<?xml version="1.0" encoding="UTF-8"?><testsuite errors="0" failures="1" name="A sola firma - Sin Data" skipped="0" tests="1" time="292.98" timestamp="2023-01-31 06:47:33"><testcase name="Valida que se pueda realizar un pago de servicio a sola firma, sin data, de una (1) cuota, para un (1) documento, para la empresa Fe y Alegria"><failure message="&#13;&#10;Expected: an element that is visible&#13;&#10;     but: no matching element found by [Eleccion de empresa located with: xpath: (//span[@class='mat-option-text'])[1]]" type="java.lang.AssertionError">&#13;
Expected: an element that is visible&#13;
     but: no matching element found by [Eleccion de empresa located with: xpath: (//span[@class='mat-option-text'])[1]]</failure><system-err>&#13;
Expected: an element that is visible&#13;
     but: no matching element found by [Eleccion de empresa located with: xpath: (//span[@class='mat-option-text'])[1]]&#13;
com.everis.tasks.web.bpi.pagosServicios.SeleccionCtaEmpresaServicioCodDeudor.performAs(SeleccionCtaEmpresaServicioCodDeudor.java:51)&#13;
com.everis.stepsdefinitions.web.bpi.pagoDeServicios.sinData.SinDataSolaFirmaStepDefinitions.intenta_realizar_un_pago_de_tipo_pagos_de_servicios_a_sola_firma_sin_data_corriente_soles_fe_y_alegr√≠a_donaciones(SinDataSolaFirmaStepDefinitions.java:37)&#13;
io.cucumber.java.Invoker.doInvoke(Invoker.java:66)&#13;
io.cucumber.java.Invoker.invoke(Invoker.java:24)&#13;
io.cucumber.java.AbstractGlueDefinition.invokeMethod(AbstractGlueDefinition.java:47)&#13;
io.cucumber.java.JavaStepDefinition.execute(JavaStepDefinition.java:29)&#13;
io.cucumber.core.runner.CoreStepDefinition.execute(CoreStepDefinition.java:66)&#13;
io.cucumber.core.runner.PickleStepDefinitionMatch.runStep(PickleStepDefinitionMatch.java:63)&#13;
io.cucumber.core.runner.TestStep.executeStep(TestStep.java:85)&#13;
io.cucumber.core.runner.TestStep.run(TestStep.java:57)&#13;
io.cucumber.core.runner.PickleStepTestStep.run(PickleStepTestStep.java:51)&#13;
io.cucumber.core.runner.TestCase.run(TestCase.java:84)&#13;
io.cucumber.core.runner.Runner.runPickle(Runner.java:75)&#13;
io.cucumber.core.runtime.CucumberExecutionContext.lambda$runTestCase$5(CucumberExecutionContext.java:129)&#13;
io.cucumber.core.runtime.RethrowingThrowableCollector.executeAndThrow(RethrowingThrowableCollector.java:23)&#13;
io.cucumber.core.runtime.CucumberExecutionContext.runTestCase(CucumberExecutionContext.java:129)&#13;
io.cucumber.junit.FeatureRunner.runChild(FeatureRunner.java:144)&#13;
io.cucumber.junit.FeatureRunner.runChild(FeatureRunner.java:28)&#13;
io.cucumber.junit.FeatureRunner.run(FeatureRunner.java:137)&#13;
io.cucumber.junit.CucumberSerenityRunner.runChild(CucumberSerenityRunner.java:259)&#13;
io.cucumber.junit.CucumberSerenityRunner.runChild(CucumberSerenityRunner.java:59)&#13;
</system-err></testcase></testsuite>